2018-03-20 00:09:46,937 - Starting ProductServiceImplTest on PC--20160808YDV with PID 9404 (started by Administrator in D:\SpringBoot\workspace\sell)
2018-03-20 00:09:46,938 - No active profile set, falling back to default profiles: default
2018-03-20 00:09:47,002 - Refreshing org.springframework.web.context.support.GenericWebApplicationContext@2a7ed1f: startup date [Tue Mar 20 00:09:47 CST 2018]; root of context hierarchy
2018-03-20 00:09:49,729 - Bean 'org.springframework.transaction.annotation.ProxyTransactionManagementConfiguration' of type [org.springframework.transaction.annotation.ProxyTransactionManagementConfiguration$$EnhancerBySpringCGLIB$$7d9a8f4] is not eligible for getting processed by all BeanPostProcessors (for example: not eligible for auto-proxying)
2018-03-20 00:09:50,111 - HikariPool-1 - Starting...
2018-03-20 00:09:50,471 - HikariPool-1 - Start completed.
2018-03-20 00:09:50,715 - Building JPA container EntityManagerFactory for persistence unit 'default'
2018-03-20 00:09:50,742 - HHH000204: Processing PersistenceUnitInfo [
	name: default
	...]
2018-03-20 00:09:50,897 - HHH000412: Hibernate Core {5.2.14.Final}
2018-03-20 00:09:50,899 - HHH000206: hibernate.properties not found
2018-03-20 00:09:50,979 - HCANN000001: Hibernate Commons Annotations {5.0.1.Final}
2018-03-20 00:09:51,250 - HHH000400: Using dialect: org.hibernate.dialect.MySQL5Dialect
2018-03-20 00:09:52,539 - Initialized JPA EntityManagerFactory for persistence unit 'default'
2018-03-20 00:09:54,909 - Looking for @ControllerAdvice: org.springframework.web.context.support.GenericWebApplicationContext@2a7ed1f: startup date [Tue Mar 20 00:09:47 CST 2018]; root of context hierarchy
2018-03-20 00:09:55,067 - spring.jpa.open-in-view is enabled by default. Therefore, database queries may be performed during view rendering. Explicitly configure spring.jpa.open-in-view to disable this warning
2018-03-20 00:09:55,307 - Mapped "{[/error]}" onto public org.springframework.http.ResponseEntity<java.util.Map<java.lang.String, java.lang.Object>> org.springframework.boot.autoconfigure.web.servlet.error.BasicErrorController.error(javax.servlet.http.HttpServletRequest)
2018-03-20 00:09:55,312 - Mapped "{[/error],produces=[text/html]}" onto public org.springframework.web.servlet.ModelAndView org.springframework.boot.autoconfigure.web.servlet.error.BasicErrorController.errorHtml(javax.servlet.http.HttpServletRequest,javax.servlet.http.HttpServletResponse)
2018-03-20 00:09:55,557 - Mapped URL path [/webjars/**] onto handler of type [class org.springframework.web.servlet.resource.ResourceHttpRequestHandler]
2018-03-20 00:09:55,558 - Mapped URL path [/**] onto handler of type [class org.springframework.web.servlet.resource.ResourceHttpRequestHandler]
2018-03-20 00:09:55,716 - Mapped URL path [/**/favicon.ico] onto handler of type [class org.springframework.web.servlet.resource.ResourceHttpRequestHandler]
2018-03-20 00:09:56,413 - Started ProductServiceImplTest in 11.162 seconds (JVM running for 14.224)
2018-03-20 00:09:56,755 - HHH000397: Using ASTQueryTranslatorFactory
2018-03-20 00:09:57,698 - Closing org.springframework.web.context.support.GenericWebApplicationContext@2a7ed1f: startup date [Tue Mar 20 00:09:47 CST 2018]; root of context hierarchy
2018-03-20 00:09:57,703 - Closing JPA EntityManagerFactory for persistence unit 'default'
2018-03-20 00:09:57,704 - HikariPool-1 - Shutdown initiated...
2018-03-20 00:09:57,748 - HikariPool-1 - Shutdown completed.
2018-03-20 00:11:03,682 - Starting ProductServiceImplTest on PC--20160808YDV with PID 8612 (started by Administrator in D:\SpringBoot\workspace\sell)
2018-03-20 00:11:03,684 - No active profile set, falling back to default profiles: default
2018-03-20 00:11:03,763 - Refreshing org.springframework.web.context.support.GenericWebApplicationContext@295cf707: startup date [Tue Mar 20 00:11:03 CST 2018]; root of context hierarchy
2018-03-20 00:11:06,682 - Bean 'org.springframework.transaction.annotation.ProxyTransactionManagementConfiguration' of type [org.springframework.transaction.annotation.ProxyTransactionManagementConfiguration$$EnhancerBySpringCGLIB$$f321840f] is not eligible for getting processed by all BeanPostProcessors (for example: not eligible for auto-proxying)
2018-03-20 00:11:07,057 - HikariPool-1 - Starting...
2018-03-20 00:11:07,348 - HikariPool-1 - Start completed.
2018-03-20 00:11:07,584 - Building JPA container EntityManagerFactory for persistence unit 'default'
2018-03-20 00:11:07,606 - HHH000204: Processing PersistenceUnitInfo [
	name: default
	...]
2018-03-20 00:11:07,709 - HHH000412: Hibernate Core {5.2.14.Final}
2018-03-20 00:11:07,711 - HHH000206: hibernate.properties not found
2018-03-20 00:11:07,764 - HCANN000001: Hibernate Commons Annotations {5.0.1.Final}
2018-03-20 00:11:07,970 - HHH000400: Using dialect: org.hibernate.dialect.MySQL5Dialect
2018-03-20 00:11:09,041 - Initialized JPA EntityManagerFactory for persistence unit 'default'
2018-03-20 00:11:11,305 - Looking for @ControllerAdvice: org.springframework.web.context.support.GenericWebApplicationContext@295cf707: startup date [Tue Mar 20 00:11:03 CST 2018]; root of context hierarchy
2018-03-20 00:11:11,461 - spring.jpa.open-in-view is enabled by default. Therefore, database queries may be performed during view rendering. Explicitly configure spring.jpa.open-in-view to disable this warning
2018-03-20 00:11:11,596 - Mapped "{[/error]}" onto public org.springframework.http.ResponseEntity<java.util.Map<java.lang.String, java.lang.Object>> org.springframework.boot.autoconfigure.web.servlet.error.BasicErrorController.error(javax.servlet.http.HttpServletRequest)
2018-03-20 00:11:11,599 - Mapped "{[/error],produces=[text/html]}" onto public org.springframework.web.servlet.ModelAndView org.springframework.boot.autoconfigure.web.servlet.error.BasicErrorController.errorHtml(javax.servlet.http.HttpServletRequest,javax.servlet.http.HttpServletResponse)
2018-03-20 00:11:11,693 - Mapped URL path [/webjars/**] onto handler of type [class org.springframework.web.servlet.resource.ResourceHttpRequestHandler]
2018-03-20 00:11:11,693 - Mapped URL path [/**] onto handler of type [class org.springframework.web.servlet.resource.ResourceHttpRequestHandler]
2018-03-20 00:11:11,830 - Mapped URL path [/**/favicon.ico] onto handler of type [class org.springframework.web.servlet.resource.ResourceHttpRequestHandler]
2018-03-20 00:11:12,302 - Started ProductServiceImplTest in 10.243 seconds (JVM running for 12.27)
2018-03-20 00:11:12,526 - HHH000397: Using ASTQueryTranslatorFactory
2018-03-20 00:11:12,794 - Closing org.springframework.web.context.support.GenericWebApplicationContext@295cf707: startup date [Tue Mar 20 00:11:03 CST 2018]; root of context hierarchy
2018-03-20 00:11:12,802 - Closing JPA EntityManagerFactory for persistence unit 'default'
2018-03-20 00:11:12,805 - HikariPool-1 - Shutdown initiated...
2018-03-20 00:11:12,821 - HikariPool-1 - Shutdown completed.
2018-03-20 18:30:57,821 - Starting SellApplication on W18-180355 with PID 7100 (E:\SpringBoot\workspace\Sell\target\classes started by 180355 in E:\SpringBoot\workspace\Sell)
2018-03-20 18:30:57,863 - No active profile set, falling back to default profiles: default
2018-03-20 18:30:57,938 - Refreshing org.springframework.boot.web.servlet.context.AnnotationConfigServletWebServerApplicationContext@6ad82709: startup date [Tue Mar 20 18:30:57 CST 2018]; root of context hierarchy
2018-03-20 18:30:58,496 - Bean 'org.springframework.transaction.annotation.ProxyTransactionManagementConfiguration' of type [org.springframework.transaction.annotation.ProxyTransactionManagementConfiguration$$EnhancerBySpringCGLIB$$ca0eb9f6] is not eligible for getting processed by all BeanPostProcessors (for example: not eligible for auto-proxying)
2018-03-20 18:30:58,671 - Tomcat initialized with port(s): 8080 (http)
2018-03-20 18:30:58,680 - Initializing ProtocolHandler ["http-nio-8080"]
2018-03-20 18:30:58,686 - Starting service [Tomcat]
2018-03-20 18:30:58,686 - Starting Servlet Engine: Apache Tomcat/8.5.28
2018-03-20 18:30:58,689 - The APR based Apache Tomcat Native library which allows optimal performance in production environments was not found on the java.library.path: [C:\Program Files\Java\jdk1.8.0_144\bin;C:\Windows\Sun\Java\bin;C:\Windows\system32;C:\Windows;E:\Maven\apache-maven-3.5.0\bin;C:\Program Files\Java\jdk1.8.0_144\bin;C:\Program Files\Java\jdk1.8.0_144\jre\bin;C:\ProgramData\Oracle\Java\javapath;E:\Maven\apache-maven-3.5.0\BIN;E:\MySQL\mysql-5.7.19-winx64\bin;C:\PROGRA~1\PTC\MKSTOO~1\bin64;C:\PROGRA~1\PTC\MKSTOO~1\bin;C:\PROGRA~1\PTC\MKSTOO~1\bin\X11;C:\PROGRA~1\PTC\MKSTOO~1\mksnt;C:\Windows\system32;C:\Windows;C:\Windows\System32\Wbem;C:\Windows\System32\WindowsPowerShell\v1.0\;G:\Windows7Master;C:\Program Files\Microsoft\Web Platform Installer\;C:\Program Files (x86)\Microsoft ASP.NET\ASP.NET Web Pages\v1.0\;C:\Program Files (x86)\Windows Kits\8.0\Windows Performance Toolkit\;C:\Program Files\Microsoft SQL Server\110\Tools\Binn\;C:\Go\bin;C:\Program Files\Git\cmd;C:\Program Files\OpenSSH\bin;E:\GoWorkSpace\bin;E:\curl\src;;.]
2018-03-20 18:30:58,771 - Initializing Spring embedded WebApplicationContext
2018-03-20 18:30:58,771 - Root WebApplicationContext: initialization completed in 834 ms
2018-03-20 18:30:58,915 - Servlet dispatcherServlet mapped to [/]
2018-03-20 18:30:58,918 - Mapping filter: 'characterEncodingFilter' to: [/*]
2018-03-20 18:30:58,918 - Mapping filter: 'hiddenHttpMethodFilter' to: [/*]
2018-03-20 18:30:58,918 - Mapping filter: 'httpPutFormContentFilter' to: [/*]
2018-03-20 18:30:58,918 - Mapping filter: 'requestContextFilter' to: [/*]
2018-03-20 18:30:59,013 - HikariPool-1 - Starting...
2018-03-20 18:31:21,078 - Unable to determine jdbc url from datasource
org.springframework.jdbc.support.MetaDataAccessException: Could not get Connection for extracting meta data; nested exception is org.springframework.jdbc.CannotGetJdbcConnectionException: Failed to obtain JDBC Connection; nested exception is com.mysql.jdbc.exceptions.jdbc4.CommunicationsException: Communications link failure

The last packet sent successfully to the server was 0 milliseconds ago. The driver has not received any packets from the server.
	at org.springframework.jdbc.support.JdbcUtils.extractDatabaseMetaData(JdbcUtils.java:327)
	at org.springframework.jdbc.support.JdbcUtils.extractDatabaseMetaData(JdbcUtils.java:355)
	at org.springframework.boot.autoconfigure.orm.jpa.DatabaseLookup.getDatabase(DatabaseLookup.java:72)
	at org.springframework.boot.autoconfigure.orm.jpa.JpaProperties.determineDatabase(JpaProperties.java:168)
	at org.springframework.boot.autoconfigure.orm.jpa.JpaBaseConfiguration.jpaVendorAdapter(JpaBaseConfiguration.java:111)
	at org.springframework.boot.autoconfigure.orm.jpa.HibernateJpaConfiguration$$EnhancerBySpringCGLIB$$e8e57c65.CGLIB$jpaVendorAdapter$9(<generated>)
	at org.springframework.boot.autoconfigure.orm.jpa.HibernateJpaConfiguration$$EnhancerBySpringCGLIB$$e8e57c65$$FastClassBySpringCGLIB$$bbf18f1d.invoke(<generated>)
	at org.springframework.cglib.proxy.MethodProxy.invokeSuper(MethodProxy.java:228)
	at org.springframework.context.annotation.ConfigurationClassEnhancer$BeanMethodInterceptor.intercept(ConfigurationClassEnhancer.java:361)
	at org.springframework.boot.autoconfigure.orm.jpa.HibernateJpaConfiguration$$EnhancerBySpringCGLIB$$e8e57c65.jpaVendorAdapter(<generated>)
	at sun.reflect.NativeMethodAccessorImpl.invoke0(Native Method)
	at sun.reflect.NativeMethodAccessorImpl.invoke(NativeMethodAccessorImpl.java:62)
	at sun.reflect.DelegatingMethodAccessorImpl.invoke(DelegatingMethodAccessorImpl.java:43)
	at java.lang.reflect.Method.invoke(Method.java:498)
	at org.springframework.beans.factory.support.SimpleInstantiationStrategy.instantiate(SimpleInstantiationStrategy.java:154)
	at org.springframework.beans.factory.support.ConstructorResolver.instantiateUsingFactoryMethod(ConstructorResolver.java:579)
	at org.springframework.beans.factory.support.AbstractAutowireCapableBeanFactory.instantiateUsingFactoryMethod(AbstractAutowireCapableBeanFactory.java:1250)
	at org.springframework.beans.factory.support.AbstractAutowireCapableBeanFactory.createBeanInstance(AbstractAutowireCapableBeanFactory.java:1099)
	at org.springframework.beans.factory.support.AbstractAutowireCapableBeanFactory.doCreateBean(AbstractAutowireCapableBeanFactory.java:545)
	at org.springframework.beans.factory.support.AbstractAutowireCapableBeanFactory.createBean(AbstractAutowireCapableBeanFactory.java:502)
	at org.springframework.beans.factory.support.AbstractBeanFactory.lambda$doGetBean$0(AbstractBeanFactory.java:312)
	at org.springframework.beans.factory.support.DefaultSingletonBeanRegistry.getSingleton(DefaultSingletonBeanRegistry.java:228)
	at org.springframework.beans.factory.support.AbstractBeanFactory.doGetBean(AbstractBeanFactory.java:310)
	at org.springframework.beans.factory.support.AbstractBeanFactory.getBean(AbstractBeanFactory.java:200)
	at org.springframework.beans.factory.config.DependencyDescriptor.resolveCandidate(DependencyDescriptor.java:251)
	at org.springframework.beans.factory.support.DefaultListableBeanFactory.doResolveDependency(DefaultListableBeanFactory.java:1138)
	at org.springframework.beans.factory.support.DefaultListableBeanFactory.resolveDependency(DefaultListableBeanFactory.java:1065)
	at org.springframework.beans.factory.support.ConstructorResolver.resolveAutowiredArgument(ConstructorResolver.java:815)
	at org.springframework.beans.factory.support.ConstructorResolver.createArgumentArray(ConstructorResolver.java:721)
	at org.springframework.beans.factory.support.ConstructorResolver.instantiateUsingFactoryMethod(ConstructorResolver.java:470)
	at org.springframework.beans.factory.support.AbstractAutowireCapableBeanFactory.instantiateUsingFactoryMethod(AbstractAutowireCapableBeanFactory.java:1250)
	at org.springframework.beans.factory.support.AbstractAutowireCapableBeanFactory.createBeanInstance(AbstractAutowireCapableBeanFactory.java:1099)
	at org.springframework.beans.factory.support.AbstractAutowireCapableBeanFactory.doCreateBean(AbstractAutowireCapableBeanFactory.java:545)
	at org.springframework.beans.factory.support.AbstractAutowireCapableBeanFactory.createBean(AbstractAutowireCapableBeanFactory.java:502)
	at org.springframework.beans.factory.support.AbstractBeanFactory.lambda$doGetBean$0(AbstractBeanFactory.java:312)
	at org.springframework.beans.factory.support.DefaultSingletonBeanRegistry.getSingleton(DefaultSingletonBeanRegistry.java:228)
	at org.springframework.beans.factory.support.AbstractBeanFactory.doGetBean(AbstractBeanFactory.java:310)
	at org.springframework.beans.factory.support.AbstractBeanFactory.getBean(AbstractBeanFactory.java:200)
	at org.springframework.beans.factory.config.DependencyDescriptor.resolveCandidate(DependencyDescriptor.java:251)
	at org.springframework.beans.factory.support.DefaultListableBeanFactory.doResolveDependency(DefaultListableBeanFactory.java:1138)
	at org.springframework.beans.factory.support.DefaultListableBeanFactory.resolveDependency(DefaultListableBeanFactory.java:1065)
	at org.springframework.beans.factory.support.ConstructorResolver.resolveAutowiredArgument(ConstructorResolver.java:815)
	at org.springframework.beans.factory.support.ConstructorResolver.createArgumentArray(ConstructorResolver.java:721)
	at org.springframework.beans.factory.support.ConstructorResolver.instantiateUsingFactoryMethod(ConstructorResolver.java:470)
	at org.springframework.beans.factory.support.AbstractAutowireCapableBeanFactory.instantiateUsingFactoryMethod(AbstractAutowireCapableBeanFactory.java:1250)
	at org.springframework.beans.factory.support.AbstractAutowireCapableBeanFactory.createBeanInstance(AbstractAutowireCapableBeanFactory.java:1099)
	at org.springframework.beans.factory.support.AbstractAutowireCapableBeanFactory.doCreateBean(AbstractAutowireCapableBeanFactory.java:545)
	at org.springframework.beans.factory.support.AbstractAutowireCapableBeanFactory.createBean(AbstractAutowireCapableBeanFactory.java:502)
	at org.springframework.beans.factory.support.AbstractBeanFactory.lambda$doGetBean$0(AbstractBeanFactory.java:312)
	at org.springframework.beans.factory.support.DefaultSingletonBeanRegistry.getSingleton(DefaultSingletonBeanRegistry.java:228)
	at org.springframework.beans.factory.support.AbstractBeanFactory.doGetBean(AbstractBeanFactory.java:310)
	at org.springframework.beans.factory.support.AbstractBeanFactory.getBean(AbstractBeanFactory.java:200)
	at org.springframework.context.support.AbstractApplicationContext.getBean(AbstractApplicationContext.java:1085)
	at org.springframework.context.support.AbstractApplicationContext.finishBeanFactoryInitialization(AbstractApplicationContext.java:858)
	at org.springframework.context.support.AbstractApplicationContext.refresh(AbstractApplicationContext.java:549)
	at org.springframework.boot.web.servlet.context.ServletWebServerApplicationContext.refresh(ServletWebServerApplicationContext.java:140)
	at org.springframework.boot.SpringApplication.refresh(SpringApplication.java:752)
	at org.springframework.boot.SpringApplication.refreshContext(SpringApplication.java:388)
	at org.springframework.boot.SpringApplication.run(SpringApplication.java:327)
	at org.springframework.boot.SpringApplication.run(SpringApplication.java:1246)
	at org.springframework.boot.SpringApplication.run(SpringApplication.java:1234)
	at com.imooc.SellApplication.main(SellApplication.java:10)
Caused by: org.springframework.jdbc.CannotGetJdbcConnectionException: Failed to obtain JDBC Connection; nested exception is com.mysql.jdbc.exceptions.jdbc4.CommunicationsException: Communications link failure

The last packet sent successfully to the server was 0 milliseconds ago. The driver has not received any packets from the server.
	at org.springframework.jdbc.datasource.DataSourceUtils.getConnection(DataSourceUtils.java:81)
	at org.springframework.jdbc.support.JdbcUtils.extractDatabaseMetaData(JdbcUtils.java:318)
	... 61 common frames omitted
Caused by: com.mysql.jdbc.exceptions.jdbc4.CommunicationsException: Communications link failure

The last packet sent successfully to the server was 0 milliseconds ago. The driver has not received any packets from the server.
	at sun.reflect.NativeConstructorAccessorImpl.newInstance0(Native Method)
	at sun.reflect.NativeConstructorAccessorImpl.newInstance(NativeConstructorAccessorImpl.java:62)
	at sun.reflect.DelegatingConstructorAccessorImpl.newInstance(DelegatingConstructorAccessorImpl.java:45)
	at java.lang.reflect.Constructor.newInstance(Constructor.java:423)
	at com.mysql.jdbc.Util.handleNewInstance(Util.java:425)
	at com.mysql.jdbc.SQLError.createCommunicationsException(SQLError.java:990)
	at com.mysql.jdbc.MysqlIO.<init>(MysqlIO.java:341)
	at com.mysql.jdbc.ConnectionImpl.coreConnect(ConnectionImpl.java:2186)
	at com.mysql.jdbc.ConnectionImpl.connectOneTryOnly(ConnectionImpl.java:2219)
	at com.mysql.jdbc.ConnectionImpl.createNewIO(ConnectionImpl.java:2014)
	at com.mysql.jdbc.ConnectionImpl.<init>(ConnectionImpl.java:776)
	at com.mysql.jdbc.JDBC4Connection.<init>(JDBC4Connection.java:47)
	at sun.reflect.NativeConstructorAccessorImpl.newInstance0(Native Method)
	at sun.reflect.NativeConstructorAccessorImpl.newInstance(NativeConstructorAccessorImpl.java:62)
	at sun.reflect.DelegatingConstructorAccessorImpl.newInstance(DelegatingConstructorAccessorImpl.java:45)
	at java.lang.reflect.Constructor.newInstance(Constructor.java:423)
	at com.mysql.jdbc.Util.handleNewInstance(Util.java:425)
	at com.mysql.jdbc.ConnectionImpl.getInstance(ConnectionImpl.java:386)
	at com.mysql.jdbc.NonRegisteringDriver.connect(NonRegisteringDriver.java:330)
	at com.zaxxer.hikari.util.DriverDataSource.getConnection(DriverDataSource.java:117)
	at com.zaxxer.hikari.util.DriverDataSource.getConnection(DriverDataSource.java:123)
	at com.zaxxer.hikari.pool.PoolBase.newConnection(PoolBase.java:365)
	at com.zaxxer.hikari.pool.PoolBase.newPoolEntry(PoolBase.java:194)
	at com.zaxxer.hikari.pool.HikariPool.createPoolEntry(HikariPool.java:460)
	at com.zaxxer.hikari.pool.HikariPool.checkFailFast(HikariPool.java:534)
	at com.zaxxer.hikari.pool.HikariPool.<init>(HikariPool.java:115)
	at com.zaxxer.hikari.HikariDataSource.getConnection(HikariDataSource.java:112)
	at org.springframework.jdbc.datasource.DataSourceUtils.fetchConnection(DataSourceUtils.java:151)
	at org.springframework.jdbc.datasource.DataSourceUtils.doGetConnection(DataSourceUtils.java:115)
	at org.springframework.jdbc.datasource.DataSourceUtils.getConnection(DataSourceUtils.java:78)
	... 62 common frames omitted
Caused by: java.net.ConnectException: Connection timed out: connect
	at java.net.DualStackPlainSocketImpl.waitForConnect(Native Method)
	at java.net.DualStackPlainSocketImpl.socketConnect(DualStackPlainSocketImpl.java:85)
	at java.net.AbstractPlainSocketImpl.doConnect(AbstractPlainSocketImpl.java:350)
	at java.net.AbstractPlainSocketImpl.connectToAddress(AbstractPlainSocketImpl.java:206)
	at java.net.AbstractPlainSocketImpl.connect(AbstractPlainSocketImpl.java:188)
	at java.net.PlainSocketImpl.connect(PlainSocketImpl.java:172)
	at java.net.SocksSocketImpl.connect(SocksSocketImpl.java:392)
	at java.net.Socket.connect(Socket.java:589)
	at com.mysql.jdbc.StandardSocketFactory.connect(StandardSocketFactory.java:211)
	at com.mysql.jdbc.MysqlIO.<init>(MysqlIO.java:300)
	... 85 common frames omitted
2018-03-20 18:31:21,089 - HikariPool-1 - Starting...
2018-03-20 18:31:43,142 - Building JPA container EntityManagerFactory for persistence unit 'default'
2018-03-20 18:31:43,158 - HHH000204: Processing PersistenceUnitInfo [
	name: default
	...]
2018-03-20 18:31:43,284 - HHH000412: Hibernate Core {5.2.14.Final}
2018-03-20 18:31:43,284 - HHH000206: hibernate.properties not found
2018-03-20 18:31:43,307 - HCANN000001: Hibernate Commons Annotations {5.0.1.Final}
2018-03-20 18:31:43,389 - HikariPool-1 - Starting...
2018-03-20 18:32:05,414 - HHH000342: Could not obtain connection to query metadata : Communications link failure

The last packet sent successfully to the server was 0 milliseconds ago. The driver has not received any packets from the server.
2018-03-20 18:32:05,417 - Exception encountered during context initialization - cancelling refresh attempt: org.springframework.beans.factory.BeanCreationException: Error creating bean with name 'entityManagerFactory' defined in class path resource [org/springframework/boot/autoconfigure/orm/jpa/HibernateJpaConfiguration.class]: Invocation of init method failed; nested exception is org.hibernate.service.spi.ServiceException: Unable to create requested service [org.hibernate.engine.jdbc.env.spi.JdbcEnvironment]
2018-03-20 18:32:05,420 - Stopping service [Tomcat]
2018-03-20 18:32:05,443 - 

Error starting ApplicationContext. To display the conditions report re-run your application with 'debug' enabled.
2018-03-20 18:42:37,032 - Starting SellApplication on W18-180355 with PID 6272 (E:\SpringBoot\workspace\Sell\target\classes started by 180355 in E:\SpringBoot\workspace\Sell)
2018-03-20 18:42:37,035 - No active profile set, falling back to default profiles: default
2018-03-20 18:42:37,098 - Refreshing org.springframework.boot.web.servlet.context.AnnotationConfigServletWebServerApplicationContext@1ff4931d: startup date [Tue Mar 20 18:42:37 CST 2018]; root of context hierarchy
2018-03-20 18:42:37,727 - Bean 'org.springframework.transaction.annotation.ProxyTransactionManagementConfiguration' of type [org.springframework.transaction.annotation.ProxyTransactionManagementConfiguration$$EnhancerBySpringCGLIB$$a88d5387] is not eligible for getting processed by all BeanPostProcessors (for example: not eligible for auto-proxying)
2018-03-20 18:42:37,902 - Tomcat initialized with port(s): 8080 (http)
2018-03-20 18:42:37,911 - Initializing ProtocolHandler ["http-nio-8080"]
2018-03-20 18:42:37,917 - Starting service [Tomcat]
2018-03-20 18:42:37,917 - Starting Servlet Engine: Apache Tomcat/8.5.28
2018-03-20 18:42:37,920 - The APR based Apache Tomcat Native library which allows optimal performance in production environments was not found on the java.library.path: [C:\Program Files\Java\jdk1.8.0_144\bin;C:\Windows\Sun\Java\bin;C:\Windows\system32;C:\Windows;E:\Maven\apache-maven-3.5.0\bin;C:\Program Files\Java\jdk1.8.0_144\bin;C:\Program Files\Java\jdk1.8.0_144\jre\bin;C:\ProgramData\Oracle\Java\javapath;E:\Maven\apache-maven-3.5.0\BIN;E:\MySQL\mysql-5.7.19-winx64\bin;C:\PROGRA~1\PTC\MKSTOO~1\bin64;C:\PROGRA~1\PTC\MKSTOO~1\bin;C:\PROGRA~1\PTC\MKSTOO~1\bin\X11;C:\PROGRA~1\PTC\MKSTOO~1\mksnt;C:\Windows\system32;C:\Windows;C:\Windows\System32\Wbem;C:\Windows\System32\WindowsPowerShell\v1.0\;G:\Windows7Master;C:\Program Files\Microsoft\Web Platform Installer\;C:\Program Files (x86)\Microsoft ASP.NET\ASP.NET Web Pages\v1.0\;C:\Program Files (x86)\Windows Kits\8.0\Windows Performance Toolkit\;C:\Program Files\Microsoft SQL Server\110\Tools\Binn\;C:\Go\bin;C:\Program Files\Git\cmd;C:\Program Files\OpenSSH\bin;E:\GoWorkSpace\bin;E:\curl\src;;.]
2018-03-20 18:42:38,015 - Initializing Spring embedded WebApplicationContext
2018-03-20 18:42:38,015 - Root WebApplicationContext: initialization completed in 917 ms
2018-03-20 18:42:38,138 - Servlet dispatcherServlet mapped to [/]
2018-03-20 18:42:38,141 - Mapping filter: 'characterEncodingFilter' to: [/*]
2018-03-20 18:42:38,141 - Mapping filter: 'hiddenHttpMethodFilter' to: [/*]
2018-03-20 18:42:38,141 - Mapping filter: 'httpPutFormContentFilter' to: [/*]
2018-03-20 18:42:38,141 - Mapping filter: 'requestContextFilter' to: [/*]
2018-03-20 18:42:38,231 - HikariPool-1 - Starting...
2018-03-20 18:43:00,305 - Unable to determine jdbc url from datasource
org.springframework.jdbc.support.MetaDataAccessException: Could not get Connection for extracting meta data; nested exception is org.springframework.jdbc.CannotGetJdbcConnectionException: Failed to obtain JDBC Connection; nested exception is com.mysql.jdbc.exceptions.jdbc4.CommunicationsException: Communications link failure

The last packet sent successfully to the server was 0 milliseconds ago. The driver has not received any packets from the server.
	at org.springframework.jdbc.support.JdbcUtils.extractDatabaseMetaData(JdbcUtils.java:327)
	at org.springframework.jdbc.support.JdbcUtils.extractDatabaseMetaData(JdbcUtils.java:355)
	at org.springframework.boot.autoconfigure.orm.jpa.DatabaseLookup.getDatabase(DatabaseLookup.java:72)
	at org.springframework.boot.autoconfigure.orm.jpa.JpaProperties.determineDatabase(JpaProperties.java:168)
	at org.springframework.boot.autoconfigure.orm.jpa.JpaBaseConfiguration.jpaVendorAdapter(JpaBaseConfiguration.java:111)
	at org.springframework.boot.autoconfigure.orm.jpa.HibernateJpaConfiguration$$EnhancerBySpringCGLIB$$c76415f6.CGLIB$jpaVendorAdapter$4(<generated>)
	at org.springframework.boot.autoconfigure.orm.jpa.HibernateJpaConfiguration$$EnhancerBySpringCGLIB$$c76415f6$$FastClassBySpringCGLIB$$6703bc55.invoke(<generated>)
	at org.springframework.cglib.proxy.MethodProxy.invokeSuper(MethodProxy.java:228)
	at org.springframework.context.annotation.ConfigurationClassEnhancer$BeanMethodInterceptor.intercept(ConfigurationClassEnhancer.java:361)
	at org.springframework.boot.autoconfigure.orm.jpa.HibernateJpaConfiguration$$EnhancerBySpringCGLIB$$c76415f6.jpaVendorAdapter(<generated>)
	at sun.reflect.NativeMethodAccessorImpl.invoke0(Native Method)
	at sun.reflect.NativeMethodAccessorImpl.invoke(NativeMethodAccessorImpl.java:62)
	at sun.reflect.DelegatingMethodAccessorImpl.invoke(DelegatingMethodAccessorImpl.java:43)
	at java.lang.reflect.Method.invoke(Method.java:498)
	at org.springframework.beans.factory.support.SimpleInstantiationStrategy.instantiate(SimpleInstantiationStrategy.java:154)
	at org.springframework.beans.factory.support.ConstructorResolver.instantiateUsingFactoryMethod(ConstructorResolver.java:579)
	at org.springframework.beans.factory.support.AbstractAutowireCapableBeanFactory.instantiateUsingFactoryMethod(AbstractAutowireCapableBeanFactory.java:1250)
	at org.springframework.beans.factory.support.AbstractAutowireCapableBeanFactory.createBeanInstance(AbstractAutowireCapableBeanFactory.java:1099)
	at org.springframework.beans.factory.support.AbstractAutowireCapableBeanFactory.doCreateBean(AbstractAutowireCapableBeanFactory.java:545)
	at org.springframework.beans.factory.support.AbstractAutowireCapableBeanFactory.createBean(AbstractAutowireCapableBeanFactory.java:502)
	at org.springframework.beans.factory.support.AbstractBeanFactory.lambda$doGetBean$0(AbstractBeanFactory.java:312)
	at org.springframework.beans.factory.support.DefaultSingletonBeanRegistry.getSingleton(DefaultSingletonBeanRegistry.java:228)
	at org.springframework.beans.factory.support.AbstractBeanFactory.doGetBean(AbstractBeanFactory.java:310)
	at org.springframework.beans.factory.support.AbstractBeanFactory.getBean(AbstractBeanFactory.java:200)
	at org.springframework.beans.factory.config.DependencyDescriptor.resolveCandidate(DependencyDescriptor.java:251)
	at org.springframework.beans.factory.support.DefaultListableBeanFactory.doResolveDependency(DefaultListableBeanFactory.java:1138)
	at org.springframework.beans.factory.support.DefaultListableBeanFactory.resolveDependency(DefaultListableBeanFactory.java:1065)
	at org.springframework.beans.factory.support.ConstructorResolver.resolveAutowiredArgument(ConstructorResolver.java:815)
	at org.springframework.beans.factory.support.ConstructorResolver.createArgumentArray(ConstructorResolver.java:721)
	at org.springframework.beans.factory.support.ConstructorResolver.instantiateUsingFactoryMethod(ConstructorResolver.java:470)
	at org.springframework.beans.factory.support.AbstractAutowireCapableBeanFactory.instantiateUsingFactoryMethod(AbstractAutowireCapableBeanFactory.java:1250)
	at org.springframework.beans.factory.support.AbstractAutowireCapableBeanFactory.createBeanInstance(AbstractAutowireCapableBeanFactory.java:1099)
	at org.springframework.beans.factory.support.AbstractAutowireCapableBeanFactory.doCreateBean(AbstractAutowireCapableBeanFactory.java:545)
	at org.springframework.beans.factory.support.AbstractAutowireCapableBeanFactory.createBean(AbstractAutowireCapableBeanFactory.java:502)
	at org.springframework.beans.factory.support.AbstractBeanFactory.lambda$doGetBean$0(AbstractBeanFactory.java:312)
	at org.springframework.beans.factory.support.DefaultSingletonBeanRegistry.getSingleton(DefaultSingletonBeanRegistry.java:228)
	at org.springframework.beans.factory.support.AbstractBeanFactory.doGetBean(AbstractBeanFactory.java:310)
	at org.springframework.beans.factory.support.AbstractBeanFactory.getBean(AbstractBeanFactory.java:200)
	at org.springframework.beans.factory.config.DependencyDescriptor.resolveCandidate(DependencyDescriptor.java:251)
	at org.springframework.beans.factory.support.DefaultListableBeanFactory.doResolveDependency(DefaultListableBeanFactory.java:1138)
	at org.springframework.beans.factory.support.DefaultListableBeanFactory.resolveDependency(DefaultListableBeanFactory.java:1065)
	at org.springframework.beans.factory.support.ConstructorResolver.resolveAutowiredArgument(ConstructorResolver.java:815)
	at org.springframework.beans.factory.support.ConstructorResolver.createArgumentArray(ConstructorResolver.java:721)
	at org.springframework.beans.factory.support.ConstructorResolver.instantiateUsingFactoryMethod(ConstructorResolver.java:470)
	at org.springframework.beans.factory.support.AbstractAutowireCapableBeanFactory.instantiateUsingFactoryMethod(AbstractAutowireCapableBeanFactory.java:1250)
	at org.springframework.beans.factory.support.AbstractAutowireCapableBeanFactory.createBeanInstance(AbstractAutowireCapableBeanFactory.java:1099)
	at org.springframework.beans.factory.support.AbstractAutowireCapableBeanFactory.doCreateBean(AbstractAutowireCapableBeanFactory.java:545)
	at org.springframework.beans.factory.support.AbstractAutowireCapableBeanFactory.createBean(AbstractAutowireCapableBeanFactory.java:502)
	at org.springframework.beans.factory.support.AbstractBeanFactory.lambda$doGetBean$0(AbstractBeanFactory.java:312)
	at org.springframework.beans.factory.support.DefaultSingletonBeanRegistry.getSingleton(DefaultSingletonBeanRegistry.java:228)
	at org.springframework.beans.factory.support.AbstractBeanFactory.doGetBean(AbstractBeanFactory.java:310)
	at org.springframework.beans.factory.support.AbstractBeanFactory.getBean(AbstractBeanFactory.java:200)
	at org.springframework.context.support.AbstractApplicationContext.getBean(AbstractApplicationContext.java:1085)
	at org.springframework.context.support.AbstractApplicationContext.finishBeanFactoryInitialization(AbstractApplicationContext.java:858)
	at org.springframework.context.support.AbstractApplicationContext.refresh(AbstractApplicationContext.java:549)
	at org.springframework.boot.web.servlet.context.ServletWebServerApplicationContext.refresh(ServletWebServerApplicationContext.java:140)
	at org.springframework.boot.SpringApplication.refresh(SpringApplication.java:752)
	at org.springframework.boot.SpringApplication.refreshContext(SpringApplication.java:388)
	at org.springframework.boot.SpringApplication.run(SpringApplication.java:327)
	at org.springframework.boot.SpringApplication.run(SpringApplication.java:1246)
	at org.springframework.boot.SpringApplication.run(SpringApplication.java:1234)
	at com.imooc.SellApplication.main(SellApplication.java:10)
Caused by: org.springframework.jdbc.CannotGetJdbcConnectionException: Failed to obtain JDBC Connection; nested exception is com.mysql.jdbc.exceptions.jdbc4.CommunicationsException: Communications link failure

The last packet sent successfully to the server was 0 milliseconds ago. The driver has not received any packets from the server.
	at org.springframework.jdbc.datasource.DataSourceUtils.getConnection(DataSourceUtils.java:81)
	at org.springframework.jdbc.support.JdbcUtils.extractDatabaseMetaData(JdbcUtils.java:318)
	... 61 common frames omitted
Caused by: com.mysql.jdbc.exceptions.jdbc4.CommunicationsException: Communications link failure

The last packet sent successfully to the server was 0 milliseconds ago. The driver has not received any packets from the server.
	at sun.reflect.NativeConstructorAccessorImpl.newInstance0(Native Method)
	at sun.reflect.NativeConstructorAccessorImpl.newInstance(NativeConstructorAccessorImpl.java:62)
	at sun.reflect.DelegatingConstructorAccessorImpl.newInstance(DelegatingConstructorAccessorImpl.java:45)
	at java.lang.reflect.Constructor.newInstance(Constructor.java:423)
	at com.mysql.jdbc.Util.handleNewInstance(Util.java:425)
	at com.mysql.jdbc.SQLError.createCommunicationsException(SQLError.java:990)
	at com.mysql.jdbc.MysqlIO.<init>(MysqlIO.java:341)
	at com.mysql.jdbc.ConnectionImpl.coreConnect(ConnectionImpl.java:2186)
	at com.mysql.jdbc.ConnectionImpl.connectOneTryOnly(ConnectionImpl.java:2219)
	at com.mysql.jdbc.ConnectionImpl.createNewIO(ConnectionImpl.java:2014)
	at com.mysql.jdbc.ConnectionImpl.<init>(ConnectionImpl.java:776)
	at com.mysql.jdbc.JDBC4Connection.<init>(JDBC4Connection.java:47)
	at sun.reflect.NativeConstructorAccessorImpl.newInstance0(Native Method)
	at sun.reflect.NativeConstructorAccessorImpl.newInstance(NativeConstructorAccessorImpl.java:62)
	at sun.reflect.DelegatingConstructorAccessorImpl.newInstance(DelegatingConstructorAccessorImpl.java:45)
	at java.lang.reflect.Constructor.newInstance(Constructor.java:423)
	at com.mysql.jdbc.Util.handleNewInstance(Util.java:425)
	at com.mysql.jdbc.ConnectionImpl.getInstance(ConnectionImpl.java:386)
	at com.mysql.jdbc.NonRegisteringDriver.connect(NonRegisteringDriver.java:330)
	at com.zaxxer.hikari.util.DriverDataSource.getConnection(DriverDataSource.java:117)
	at com.zaxxer.hikari.util.DriverDataSource.getConnection(DriverDataSource.java:123)
	at com.zaxxer.hikari.pool.PoolBase.newConnection(PoolBase.java:365)
	at com.zaxxer.hikari.pool.PoolBase.newPoolEntry(PoolBase.java:194)
	at com.zaxxer.hikari.pool.HikariPool.createPoolEntry(HikariPool.java:460)
	at com.zaxxer.hikari.pool.HikariPool.checkFailFast(HikariPool.java:534)
	at com.zaxxer.hikari.pool.HikariPool.<init>(HikariPool.java:115)
	at com.zaxxer.hikari.HikariDataSource.getConnection(HikariDataSource.java:112)
	at org.springframework.jdbc.datasource.DataSourceUtils.fetchConnection(DataSourceUtils.java:151)
	at org.springframework.jdbc.datasource.DataSourceUtils.doGetConnection(DataSourceUtils.java:115)
	at org.springframework.jdbc.datasource.DataSourceUtils.getConnection(DataSourceUtils.java:78)
	... 62 common frames omitted
Caused by: java.net.ConnectException: Connection timed out: connect
	at java.net.DualStackPlainSocketImpl.waitForConnect(Native Method)
	at java.net.DualStackPlainSocketImpl.socketConnect(DualStackPlainSocketImpl.java:85)
	at java.net.AbstractPlainSocketImpl.doConnect(AbstractPlainSocketImpl.java:350)
	at java.net.AbstractPlainSocketImpl.connectToAddress(AbstractPlainSocketImpl.java:206)
	at java.net.AbstractPlainSocketImpl.connect(AbstractPlainSocketImpl.java:188)
	at java.net.PlainSocketImpl.connect(PlainSocketImpl.java:172)
	at java.net.SocksSocketImpl.connect(SocksSocketImpl.java:392)
	at java.net.Socket.connect(Socket.java:589)
	at com.mysql.jdbc.StandardSocketFactory.connect(StandardSocketFactory.java:211)
	at com.mysql.jdbc.MysqlIO.<init>(MysqlIO.java:300)
	... 85 common frames omitted
2018-03-20 18:43:00,326 - HikariPool-1 - Starting...
2018-03-20 18:43:22,381 - Building JPA container EntityManagerFactory for persistence unit 'default'
2018-03-20 18:43:22,396 - HHH000204: Processing PersistenceUnitInfo [
	name: default
	...]
2018-03-20 18:43:22,521 - HHH000412: Hibernate Core {5.2.14.Final}
2018-03-20 18:43:22,521 - HHH000206: hibernate.properties not found
2018-03-20 18:43:22,543 - HCANN000001: Hibernate Commons Annotations {5.0.1.Final}
2018-03-20 18:43:22,611 - HikariPool-1 - Starting...
2018-03-20 18:43:44,623 - HHH000342: Could not obtain connection to query metadata : Communications link failure

The last packet sent successfully to the server was 0 milliseconds ago. The driver has not received any packets from the server.
2018-03-20 18:43:44,627 - Exception encountered during context initialization - cancelling refresh attempt: org.springframework.beans.factory.BeanCreationException: Error creating bean with name 'entityManagerFactory' defined in class path resource [org/springframework/boot/autoconfigure/orm/jpa/HibernateJpaConfiguration.class]: Invocation of init method failed; nested exception is org.hibernate.service.spi.ServiceException: Unable to create requested service [org.hibernate.engine.jdbc.env.spi.JdbcEnvironment]
2018-03-20 18:43:44,632 - Stopping service [Tomcat]
2018-03-20 18:43:44,663 - 

Error starting ApplicationContext. To display the conditions report re-run your application with 'debug' enabled.
2018-03-20 18:49:57,808 - Starting SellApplication on W18-180355 with PID 6952 (E:\SpringBoot\workspace\Sell\target\classes started by 180355 in E:\SpringBoot\workspace\Sell)
2018-03-20 18:49:57,811 - No active profile set, falling back to default profiles: default
2018-03-20 18:49:57,882 - Refreshing org.springframework.boot.web.servlet.context.AnnotationConfigServletWebServerApplicationContext@1ff4931d: startup date [Tue Mar 20 18:49:57 CST 2018]; root of context hierarchy
2018-03-20 18:49:58,469 - Bean 'org.springframework.transaction.annotation.ProxyTransactionManagementConfiguration' of type [org.springframework.transaction.annotation.ProxyTransactionManagementConfiguration$$EnhancerBySpringCGLIB$$a88d5387] is not eligible for getting processed by all BeanPostProcessors (for example: not eligible for auto-proxying)
2018-03-20 18:49:58,648 - Tomcat initialized with port(s): 8080 (http)
2018-03-20 18:49:58,657 - Initializing ProtocolHandler ["http-nio-8080"]
2018-03-20 18:49:58,663 - Starting service [Tomcat]
2018-03-20 18:49:58,663 - Starting Servlet Engine: Apache Tomcat/8.5.28
2018-03-20 18:49:58,666 - The APR based Apache Tomcat Native library which allows optimal performance in production environments was not found on the java.library.path: [C:\Program Files\Java\jdk1.8.0_144\bin;C:\Windows\Sun\Java\bin;C:\Windows\system32;C:\Windows;E:\Maven\apache-maven-3.5.0\bin;C:\Program Files\Java\jdk1.8.0_144\bin;C:\Program Files\Java\jdk1.8.0_144\jre\bin;C:\ProgramData\Oracle\Java\javapath;E:\Maven\apache-maven-3.5.0\BIN;E:\MySQL\mysql-5.7.19-winx64\bin;C:\PROGRA~1\PTC\MKSTOO~1\bin64;C:\PROGRA~1\PTC\MKSTOO~1\bin;C:\PROGRA~1\PTC\MKSTOO~1\bin\X11;C:\PROGRA~1\PTC\MKSTOO~1\mksnt;C:\Windows\system32;C:\Windows;C:\Windows\System32\Wbem;C:\Windows\System32\WindowsPowerShell\v1.0\;G:\Windows7Master;C:\Program Files\Microsoft\Web Platform Installer\;C:\Program Files (x86)\Microsoft ASP.NET\ASP.NET Web Pages\v1.0\;C:\Program Files (x86)\Windows Kits\8.0\Windows Performance Toolkit\;C:\Program Files\Microsoft SQL Server\110\Tools\Binn\;C:\Go\bin;C:\Program Files\Git\cmd;C:\Program Files\OpenSSH\bin;E:\GoWorkSpace\bin;E:\curl\src;;.]
2018-03-20 18:49:58,762 - Initializing Spring embedded WebApplicationContext
2018-03-20 18:49:58,763 - Root WebApplicationContext: initialization completed in 880 ms
2018-03-20 18:49:58,885 - Servlet dispatcherServlet mapped to [/]
2018-03-20 18:49:58,888 - Mapping filter: 'characterEncodingFilter' to: [/*]
2018-03-20 18:49:58,888 - Mapping filter: 'hiddenHttpMethodFilter' to: [/*]
2018-03-20 18:49:58,888 - Mapping filter: 'httpPutFormContentFilter' to: [/*]
2018-03-20 18:49:58,888 - Mapping filter: 'requestContextFilter' to: [/*]
2018-03-20 18:49:58,994 - HikariPool-1 - Starting...
2018-03-20 18:49:59,115 - HikariPool-1 - Start completed.
2018-03-20 18:49:59,142 - Building JPA container EntityManagerFactory for persistence unit 'default'
2018-03-20 18:49:59,150 - HHH000204: Processing PersistenceUnitInfo [
	name: default
	...]
2018-03-20 18:49:59,266 - HHH000412: Hibernate Core {5.2.14.Final}
2018-03-20 18:49:59,266 - HHH000206: hibernate.properties not found
2018-03-20 18:49:59,290 - HCANN000001: Hibernate Commons Annotations {5.0.1.Final}
2018-03-20 18:49:59,352 - HHH000400: Using dialect: org.hibernate.dialect.MySQL5Dialect
2018-03-20 18:49:59,644 - Initialized JPA EntityManagerFactory for persistence unit 'default'
2018-03-20 18:50:00,085 - Looking for @ControllerAdvice: org.springframework.boot.web.servlet.context.AnnotationConfigServletWebServerApplicationContext@1ff4931d: startup date [Tue Mar 20 18:49:57 CST 2018]; root of context hierarchy
2018-03-20 18:50:00,105 - spring.jpa.open-in-view is enabled by default. Therefore, database queries may be performed during view rendering. Explicitly configure spring.jpa.open-in-view to disable this warning
2018-03-20 18:50:00,127 - Mapped "{[/buyer/product/list],methods=[GET]}" onto public com.imooc.VO.ResultVO com.imooc.controller.BuyerProductController.buyProduct()
2018-03-20 18:50:00,131 - Mapped "{[/error]}" onto public org.springframework.http.ResponseEntity<java.util.Map<java.lang.String, java.lang.Object>> org.springframework.boot.autoconfigure.web.servlet.error.BasicErrorController.error(javax.servlet.http.HttpServletRequest)
2018-03-20 18:50:00,131 - Mapped "{[/error],produces=[text/html]}" onto public org.springframework.web.servlet.ModelAndView org.springframework.boot.autoconfigure.web.servlet.error.BasicErrorController.errorHtml(javax.servlet.http.HttpServletRequest,javax.servlet.http.HttpServletResponse)
2018-03-20 18:50:00,153 - Mapped URL path [/webjars/**] onto handler of type [class org.springframework.web.servlet.resource.ResourceHttpRequestHandler]
2018-03-20 18:50:00,153 - Mapped URL path [/**] onto handler of type [class org.springframework.web.servlet.resource.ResourceHttpRequestHandler]
2018-03-20 18:50:00,177 - Mapped URL path [/**/favicon.ico] onto handler of type [class org.springframework.web.servlet.resource.ResourceHttpRequestHandler]
2018-03-20 18:50:00,299 - Registering beans for JMX exposure on startup
2018-03-20 18:50:00,300 - Bean with name 'dataSource' has been autodetected for JMX exposure
2018-03-20 18:50:00,304 - Located MBean 'dataSource': registering with JMX server as MBean [com.zaxxer.hikari:name=dataSource,type=HikariDataSource]
2018-03-20 18:50:00,312 - Starting ProtocolHandler ["http-nio-8080"]
2018-03-20 18:50:00,318 - Pausing ProtocolHandler ["http-nio-8080"]
2018-03-20 18:50:00,318 - Stopping service [Tomcat]
2018-03-20 18:50:00,323 - The stop() method was called on component [StandardServer[-1]] after stop() had already been called. The second call will be ignored.
2018-03-20 18:50:00,323 - Stopping ProtocolHandler ["http-nio-8080"]
2018-03-20 18:50:00,323 - Destroying ProtocolHandler ["http-nio-8080"]
2018-03-20 18:50:00,325 - 

Error starting ApplicationContext. To display the conditions report re-run your application with 'debug' enabled.
2018-03-20 18:50:00,329 - Closing org.springframework.boot.web.servlet.context.AnnotationConfigServletWebServerApplicationContext@1ff4931d: startup date [Tue Mar 20 18:49:57 CST 2018]; root of context hierarchy
2018-03-20 18:50:00,330 - Unregistering JMX-exposed beans on shutdown
2018-03-20 18:50:00,331 - Unregistering JMX-exposed beans
2018-03-20 18:50:00,331 - Closing JPA EntityManagerFactory for persistence unit 'default'
2018-03-20 18:50:00,332 - HikariPool-1 - Shutdown initiated...
2018-03-20 18:50:00,336 - HikariPool-1 - Shutdown completed.
2018-03-20 18:51:43,188 - Starting SellApplication on W18-180355 with PID 5828 (E:\SpringBoot\workspace\Sell\target\classes started by 180355 in E:\SpringBoot\workspace\Sell)
2018-03-20 18:51:43,191 - No active profile set, falling back to default profiles: default
2018-03-20 18:51:43,275 - Refreshing org.springframework.boot.web.servlet.context.AnnotationConfigServletWebServerApplicationContext@544fa968: startup date [Tue Mar 20 18:51:43 CST 2018]; root of context hierarchy
2018-03-20 18:51:43,840 - Bean 'org.springframework.transaction.annotation.ProxyTransactionManagementConfiguration' of type [org.springframework.transaction.annotation.ProxyTransactionManagementConfiguration$$EnhancerBySpringCGLIB$$e07b12dc] is not eligible for getting processed by all BeanPostProcessors (for example: not eligible for auto-proxying)
2018-03-20 18:51:44,014 - Tomcat initialized with port(s): 8081 (http)
2018-03-20 18:51:44,023 - Initializing ProtocolHandler ["http-nio-8081"]
2018-03-20 18:51:44,028 - Starting service [Tomcat]
2018-03-20 18:51:44,029 - Starting Servlet Engine: Apache Tomcat/8.5.28
2018-03-20 18:51:44,031 - The APR based Apache Tomcat Native library which allows optimal performance in production environments was not found on the java.library.path: [C:\Program Files\Java\jdk1.8.0_144\bin;C:\Windows\Sun\Java\bin;C:\Windows\system32;C:\Windows;E:\Maven\apache-maven-3.5.0\bin;C:\Program Files\Java\jdk1.8.0_144\bin;C:\Program Files\Java\jdk1.8.0_144\jre\bin;C:\ProgramData\Oracle\Java\javapath;E:\Maven\apache-maven-3.5.0\BIN;E:\MySQL\mysql-5.7.19-winx64\bin;C:\PROGRA~1\PTC\MKSTOO~1\bin64;C:\PROGRA~1\PTC\MKSTOO~1\bin;C:\PROGRA~1\PTC\MKSTOO~1\bin\X11;C:\PROGRA~1\PTC\MKSTOO~1\mksnt;C:\Windows\system32;C:\Windows;C:\Windows\System32\Wbem;C:\Windows\System32\WindowsPowerShell\v1.0\;G:\Windows7Master;C:\Program Files\Microsoft\Web Platform Installer\;C:\Program Files (x86)\Microsoft ASP.NET\ASP.NET Web Pages\v1.0\;C:\Program Files (x86)\Windows Kits\8.0\Windows Performance Toolkit\;C:\Program Files\Microsoft SQL Server\110\Tools\Binn\;C:\Go\bin;C:\Program Files\Git\cmd;C:\Program Files\OpenSSH\bin;E:\GoWorkSpace\bin;E:\curl\src;;.]
2018-03-20 18:51:44,120 - Initializing Spring embedded WebApplicationContext
2018-03-20 18:51:44,120 - Root WebApplicationContext: initialization completed in 845 ms
2018-03-20 18:51:44,239 - Servlet dispatcherServlet mapped to [/]
2018-03-20 18:51:44,242 - Mapping filter: 'characterEncodingFilter' to: [/*]
2018-03-20 18:51:44,242 - Mapping filter: 'hiddenHttpMethodFilter' to: [/*]
2018-03-20 18:51:44,242 - Mapping filter: 'httpPutFormContentFilter' to: [/*]
2018-03-20 18:51:44,242 - Mapping filter: 'requestContextFilter' to: [/*]
2018-03-20 18:51:44,325 - HikariPool-1 - Starting...
2018-03-20 18:51:44,437 - HikariPool-1 - Start completed.
2018-03-20 18:51:44,462 - Building JPA container EntityManagerFactory for persistence unit 'default'
2018-03-20 18:51:44,469 - HHH000204: Processing PersistenceUnitInfo [
	name: default
	...]
2018-03-20 18:51:44,584 - HHH000412: Hibernate Core {5.2.14.Final}
2018-03-20 18:51:44,585 - HHH000206: hibernate.properties not found
2018-03-20 18:51:44,607 - HCANN000001: Hibernate Commons Annotations {5.0.1.Final}
2018-03-20 18:51:44,668 - HHH000400: Using dialect: org.hibernate.dialect.MySQL5Dialect
2018-03-20 18:51:44,915 - Initialized JPA EntityManagerFactory for persistence unit 'default'
2018-03-20 18:51:45,324 - Looking for @ControllerAdvice: org.springframework.boot.web.servlet.context.AnnotationConfigServletWebServerApplicationContext@544fa968: startup date [Tue Mar 20 18:51:43 CST 2018]; root of context hierarchy
2018-03-20 18:51:45,344 - spring.jpa.open-in-view is enabled by default. Therefore, database queries may be performed during view rendering. Explicitly configure spring.jpa.open-in-view to disable this warning
2018-03-20 18:51:45,364 - Mapped "{[/buyer/product/list],methods=[GET]}" onto public com.imooc.VO.ResultVO com.imooc.controller.BuyerProductController.buyProduct()
2018-03-20 18:51:45,368 - Mapped "{[/error]}" onto public org.springframework.http.ResponseEntity<java.util.Map<java.lang.String, java.lang.Object>> org.springframework.boot.autoconfigure.web.servlet.error.BasicErrorController.error(javax.servlet.http.HttpServletRequest)
2018-03-20 18:51:45,368 - Mapped "{[/error],produces=[text/html]}" onto public org.springframework.web.servlet.ModelAndView org.springframework.boot.autoconfigure.web.servlet.error.BasicErrorController.errorHtml(javax.servlet.http.HttpServletRequest,javax.servlet.http.HttpServletResponse)
2018-03-20 18:51:45,389 - Mapped URL path [/webjars/**] onto handler of type [class org.springframework.web.servlet.resource.ResourceHttpRequestHandler]
2018-03-20 18:51:45,389 - Mapped URL path [/**] onto handler of type [class org.springframework.web.servlet.resource.ResourceHttpRequestHandler]
2018-03-20 18:51:45,416 - Mapped URL path [/**/favicon.ico] onto handler of type [class org.springframework.web.servlet.resource.ResourceHttpRequestHandler]
2018-03-20 18:51:45,543 - Registering beans for JMX exposure on startup
2018-03-20 18:51:45,544 - Bean with name 'dataSource' has been autodetected for JMX exposure
2018-03-20 18:51:45,547 - Located MBean 'dataSource': registering with JMX server as MBean [com.zaxxer.hikari:name=dataSource,type=HikariDataSource]
2018-03-20 18:51:45,555 - Starting ProtocolHandler ["http-nio-8081"]
2018-03-20 18:51:45,562 - Using a shared selector for servlet write/read
2018-03-20 18:51:45,572 - Tomcat started on port(s): 8081 (http) with context path '/sell'
2018-03-20 18:51:45,573 - Started SellApplication in 2.683 seconds (JVM running for 3.196)
2018-03-20 18:52:47,573 - Initializing Spring FrameworkServlet 'dispatcherServlet'
2018-03-20 18:52:47,573 - FrameworkServlet 'dispatcherServlet': initialization started
2018-03-20 18:52:47,597 - FrameworkServlet 'dispatcherServlet': initialization completed in 24 ms
